  main.cpp
C:\Users\Henry\source\repos\VKTest\Include\arjet\shader.h(51,12): warning C4101: 'shaderIndex': unreferenced local variable
C:\Users\Henry\source\repos\VKTest\Include\arjet\mesh.h(69,1): warning C4267: '=': conversion from 'size_t' to 'uint32_t', possible loss of data
  The contents of <optional> are available only with C++17 or later.
C:\Users\Henry\source\repos\VKTest\main.cpp(128,42): warning C4244: 'argument': conversion from 'double' to 'float', possible loss of data
C:\Users\Henry\source\repos\VKTest\main.cpp(130,46): warning C4244: 'argument': conversion from 'double' to 'float', possible loss of data
C:\Users\Henry\source\repos\VKTest\main.cpp(132,43): warning C4244: 'argument': conversion from 'double' to 'float', possible loss of data
C:\Users\Henry\source\repos\VKTest\main.cpp(134,45): warning C4244: 'argument': conversion from 'double' to 'float', possible loss of data
C:\Users\Henry\source\repos\VKTest\main.cpp(154,56): warning C4244: 'argument': conversion from 'int' to 'float', possible loss of data
C:\Users\Henry\source\repos\VKTest\main.cpp(154,40): warning C4244: 'argument': conversion from 'int' to 'float', possible loss of data
  GameObject.cpp
C:\Users\Henry\source\repos\VKTest\Include\arjet\shader.h(51,12): warning C4101: 'shaderIndex': unreferenced local variable
C:\Users\Henry\source\repos\VKTest\Include\arjet\mesh.h(69,1): warning C4267: '=': conversion from 'size_t' to 'uint32_t', possible loss of data
  The contents of <optional> are available only with C++17 or later.
  mesh.cpp
C:\Users\Henry\source\repos\VKTest\Include\arjet\shader.h(51,12): warning C4101: 'shaderIndex': unreferenced local variable
  The contents of <optional> are available only with C++17 or later.
C:\Users\Henry\source\repos\VKTest\Include\arjet\mesh.h(69,1): warning C4267: '=': conversion from 'size_t' to 'uint32_t', possible loss of data
  model.cpp
C:\Users\Henry\source\repos\VKTest\Include\arjet\shader.h(51,12): warning C4101: 'shaderIndex': unreferenced local variable
  The contents of <optional> are available only with C++17 or later.
C:\Users\Henry\source\repos\VKTest\Include\arjet\mesh.h(69,1): warning C4267: '=': conversion from 'size_t' to 'uint32_t', possible loss of data
  renderer.cpp
C:\Users\Henry\source\repos\VKTest\Include\arjet\shader.h(51,12): warning C4101: 'shaderIndex': unreferenced local variable
C:\Users\Henry\source\repos\VKTest\Include\arjet\mesh.h(69,1): warning C4267: '=': conversion from 'size_t' to 'uint32_t', possible loss of data
  The contents of <optional> are available only with C++17 or later.
C:\Users\Henry\source\repos\VKTest\Source\renderer.cpp(673,53): warning C4267: '=': conversion from 'size_t' to 'uint32_t', possible loss of data
C:\Users\Henry\source\repos\VKTest\Source\renderer.cpp(690,21): warning C4018: '<': signed/unsigned mismatch
C:\Users\Henry\source\repos\VKTest\Source\renderer.cpp(799,32): warning C4267: '=': conversion from 'size_t' to 'uint32_t', possible loss of data
C:\Users\Henry\source\repos\VKTest\Source\renderer.cpp(910,28): warning C4267: 'initializing': conversion from 'size_t' to 'uint32_t', possible loss of data
C:\Users\Henry\source\repos\VKTest\Source\renderer.cpp(942,95): warning C4267: 'argument': conversion from 'size_t' to 'uint32_t', possible loss of data
  SceneLoader.cpp
  Universal.cpp
C:\Users\Henry\source\repos\VKTest\Include\arjet\shader.h(51,12): warning C4101: 'shaderIndex': unreferenced local variable
C:\Users\Henry\source\repos\VKTest\Include\arjet\mesh.h(69,1): warning C4267: '=': conversion from 'size_t' to 'uint32_t', possible loss of data
  The contents of <optional> are available only with C++17 or later.
  Generating Code...
  Vulkan2.vcxproj -> C:\Users\Henry\source\repos\VKTest\x64\Debug2\Vulkan2.exe
